<?xml version="1.0" encoding="UTF-8"?>
<!-- Generated by org.testng.reporters.JUnitReportReporter -->
<testsuite hostname="LAPTOP-8UKHKL7O" failures="0" tests="1" name="com.test.Automation_Framework.test" time="0.024" errors="0" timestamp="2024-08-08T11:37:32 IST" skipped="0">
  <testcase classname="com.test.Automation_Framework.test" name="test01" time="0.024"/>
</testsuite> <!-- com.test.Automation_Framework.test -->
